================================================================================
  SESIÓN wordChef - 2025-11-26 16:20:22
================================================================================

[16:20:31] Palabras clave
--------------------------------------------------------------------------------
Entrada: El procesamiento del lenguaje natural es un campo fascinante de la inteligencia artificial.        L...

  top_5_palabras:
    • ('lenguaje', 2)
    • ('aprendizaje', 2)
    • ('procesamiento', 1)
    • ('natural', 1)
    • ('campo', 1)
  sustantivos:
    • ('lenguaje', 2)
    • ('aprendizaje', 2)
    • ('procesamiento', 1)
    • ('campo', 1)
    • ('inteligencia', 1)
  verbos:
    • ('procesar', 1)
    • ('entender', 1)
    • ('revolucionado', 1)
    • ('procesamos', 1)
    • ('proporcionan', 1)

================================================================================

